<?xml version="1.0" encoding="UTF-8"?>
<testsuite xmlns:xsi="http://www.w3.org/2001/XMLSchema-instance" xsi:noNamespaceSchemaLocation="https://maven.apache.org/surefire/maven-surefire-plugin/xsd/surefire-test-report-3.0.xsd" version="3.0" name="dh.backend.clinicamvc.service.test.PacienteServiceTest" time="0.12" tests="3" errors="0" skipped="0" failures="0">
  <properties>
[...]
</properties>
  <testcase name="testPacienteGuardado" classname="dh.backend.clinicamvc.service.test.PacienteServiceTest" time="0.043">
    <system-out><![CDATA[2024-11-05 02:15:13 [&amp#27;[34mINFO &amp#27;[0;39m] [&amp#27;[36mmain&amp#27;[0;39m] [&amp#27;[35mo.s.t.c.s.AnnotationConfigContextLoaderUtils:83&amp#27;[0;39m] - Could not detect default configuration classes for test class [dh.backend.clinicamvc.service.test.PacienteServiceTest]: PacienteServiceTest does not declare any static, non-private, non-final, nested classes annotated with @Configuration.
2024-11-05 02:15:13 [&amp#27;[34mINFO &amp#27;[0;39m] [&amp#27;[36mmain&amp#27;[0;39m] [&amp#27;[35mo.s.b.t.c.SpringBootTestContextBootstrapper:234&amp#27;[0;39m] - Found @SpringBootConfiguration dh.backend.clinicamvc.ClinicaMvcApplication for test class dh.backend.clinicamvc.service.test.PacienteServiceTest
Hibernate: select p1_0.id,p1_0.apellido,p1_0.dni,d1_0.id,d1_0.calle,d1_0.localidad,d1_0.numero,d1_0.provincia,p1_0.fecha_ingreso,p1_0.nombre,ts1_0.paciente_id,ts1_0.id,ts1_0.fecha,o1_0.id,o1_0.apellido,o1_0.nombre,o1_0.numero_matricula from pacientes p1_0 left join domicilios d1_0 on d1_0.id=p1_0.id_domicilio left join turnos ts1_0 on p1_0.id=ts1_0.paciente_id left join odontologos o1_0 on o1_0.id=ts1_0.odontologo_id where p1_0.id=?
Hibernate: insert into domicilios (calle,localidad,numero,provincia) values (?,?,?,?)
Hibernate: update pacientes set apellido=?,dni=?,id_domicilio=?,fecha_ingreso=?,nombre=? where id=?
2024-11-05 02:15:13 [&amp#27;[34mINFO &amp#27;[0;39m] [&amp#27;[36mmain&amp#27;[0;39m] [&amp#27;[35md.b.c.s.i.PacienteService:32&amp#27;[0;39m] - Registrando paciente : Paciente(id=1, nombre=Menganito, apellido=Cosme, dni=464646, fechaIngreso=2024-01-12, domicilio=Domicilio(id=null, calle=Calle falsa, numero=123, localidad=San Pedro, provincia=Garza Garcia), turnoSet=[])
]]></system-out>
  </testcase>
  <testcase name="testTodosPacientes" classname="dh.backend.clinicamvc.service.test.PacienteServiceTest" time="0.053">
    <system-out><![CDATA[Hibernate: select p1_0.id,p1_0.apellido,p1_0.dni,p1_0.id_domicilio,p1_0.fecha_ingreso,p1_0.nombre from pacientes p1_0
Hibernate: select d1_0.id,d1_0.calle,d1_0.localidad,d1_0.numero,d1_0.provincia from domicilios d1_0 where d1_0.id=?
Hibernate: select d1_0.id,d1_0.calle,d1_0.localidad,d1_0.numero,d1_0.provincia from domicilios d1_0 where d1_0.id=?
Hibernate: select d1_0.id,d1_0.calle,d1_0.localidad,d1_0.numero,d1_0.provincia from domicilios d1_0 where d1_0.id=?
Hibernate: select d1_0.id,d1_0.calle,d1_0.localidad,d1_0.numero,d1_0.provincia from domicilios d1_0 where d1_0.id=?
Hibernate: select d1_0.id,d1_0.calle,d1_0.localidad,d1_0.numero,d1_0.provincia from domicilios d1_0 where d1_0.id=?
Hibernate: select d1_0.id,d1_0.calle,d1_0.localidad,d1_0.numero,d1_0.provincia from domicilios d1_0 where d1_0.id=?
Hibernate: select d1_0.id,d1_0.calle,d1_0.localidad,d1_0.numero,d1_0.provincia from domicilios d1_0 where d1_0.id=?
Hibernate: select d1_0.id,d1_0.calle,d1_0.localidad,d1_0.numero,d1_0.provincia from domicilios d1_0 where d1_0.id=?
Hibernate: select d1_0.id,d1_0.calle,d1_0.localidad,d1_0.numero,d1_0.provincia from domicilios d1_0 where d1_0.id=?
Hibernate: select d1_0.id,d1_0.calle,d1_0.localidad,d1_0.numero,d1_0.provincia from domicilios d1_0 where d1_0.id=?
Hibernate: select d1_0.id,d1_0.calle,d1_0.localidad,d1_0.numero,d1_0.provincia from domicilios d1_0 where d1_0.id=?
Hibernate: select d1_0.id,d1_0.calle,d1_0.localidad,d1_0.numero,d1_0.provincia from domicilios d1_0 where d1_0.id=?
Hibernate: select d1_0.id,d1_0.calle,d1_0.localidad,d1_0.numero,d1_0.provincia from domicilios d1_0 where d1_0.id=?
Hibernate: select d1_0.id,d1_0.calle,d1_0.localidad,d1_0.numero,d1_0.provincia from domicilios d1_0 where d1_0.id=?
Hibernate: select d1_0.id,d1_0.calle,d1_0.localidad,d1_0.numero,d1_0.provincia from domicilios d1_0 where d1_0.id=?
Hibernate: select d1_0.id,d1_0.calle,d1_0.localidad,d1_0.numero,d1_0.provincia from domicilios d1_0 where d1_0.id=?
Hibernate: select d1_0.id,d1_0.calle,d1_0.localidad,d1_0.numero,d1_0.provincia from domicilios d1_0 where d1_0.id=?
Hibernate: select d1_0.id,d1_0.calle,d1_0.localidad,d1_0.numero,d1_0.provincia from domicilios d1_0 where d1_0.id=?
2024-11-05 02:15:13 [&amp#27;[34mINFO &amp#27;[0;39m] [&amp#27;[36mmain&amp#27;[0;39m] [&amp#27;[35md.b.c.s.i.PacienteService:58&amp#27;[0;39m] - Lista de Pacientes encontrados : 18
]]></system-out>
  </testcase>
  <testcase name="testPacientePorID" classname="dh.backend.clinicamvc.service.test.PacienteServiceTest" time="0.011">
    <system-out><![CDATA[Hibernate: select p1_0.id,p1_0.apellido,p1_0.dni,d1_0.id,d1_0.calle,d1_0.localidad,d1_0.numero,d1_0.provincia,p1_0.fecha_ingreso,p1_0.nombre from pacientes p1_0 left join domicilios d1_0 on d1_0.id=p1_0.id_domicilio where p1_0.id=?
2024-11-05 02:15:13 [&amp#27;[34mINFO &amp#27;[0;39m] [&amp#27;[36mmain&amp#27;[0;39m] [&amp#27;[35md.b.c.s.i.PacienteService:45&amp#27;[0;39m] - Busqueda de Paciente por id : 1
]]></system-out>
  </testcase>
</testsuite>